{"/Users/tim/data/code/timd/testing/leetcode/src/index.ts": {"path":"/Users/tim/data/code/timd/testing/leetcode/src/index.ts","statementMap":{"0":{"start":{"line":1,"column":0},"end":{"line":1,"column":16}},"1":{"start":{"line":2,"column":4},"end":{"line":2,"column":17}},"2":{"start":{"line":5,"column":2},"end":{"line":5,"column":35}},"3":{"start":{"line":6,"column":2},"end":{"line":6,"column":38}}},"fnMap":{"0":{"name":"sum","decl":{"start":{"line":1,"column":16},"end":{"line":1,"column":19}},"loc":{"start":{"line":1,"column":40},"end":{"line":3,"column":3}}}},"branchMap":{},"s":{"0":0,"1":0,"2":0,"3":0},"f":{"0":0},"b":{}}
}
